This file contains any messages produced by compilers while
running configure, to aid debugging if configure makes a mistake.

It was created by CUnit configure 2.1-3, which was
generated by GNU Autoconf 2.68.  Invocation command line was

  $ ./configure --prefix=/root/buildEvironment/tools/cunit/arm-linux --host=arm-linux

## --------- ##
## Platform. ##
## --------- ##

hostname = ubuntu
uname -m = i686
uname -r = 3.2.0-29-generic-pae
uname -s = Linux
uname -v = #46-Ubuntu SMP Fri Jul 27 17:25:43 UTC 2012

/usr/bin/uname -p = unknown
/bin/uname -X     = unknown

/bin/arch              = unknown
/usr/bin/arch -k       = unknown
/usr/convex/getsysinfo = unknown
/usr/bin/hostinfo      = unknown
/bin/machine           = unknown
/usr/bin/oslevel       = unknown
/bin/universe          = unknown

PATH: /auto/lootom/toolchain/usr/bin/
PATH: /usr/lib/lightdm/lightdm
PATH: /usr/local/sbin
PATH: /usr/local/bin
PATH: /usr/sbin
PATH: /usr/bin
PATH: /sbin
PATH: /bin
PATH: /usr/games


## ----------- ##
## Core tests. ##
## ----------- ##

configure:2272: checking for a BSD-compatible install
configure:2340: result: /usr/bin/install -c
configure:2351: checking whether build environment is sane
configure:2406: result: yes
configure:2465: checking for arm-linux-strip
configure:2481: found /auto/lootom/toolchain/usr/bin//arm-linux-strip
configure:2492: result: arm-linux-strip
configure:2557: checking for a thread-safe mkdir -p
configure:2596: result: /bin/mkdir -p
configure:2603: checking for gawk
configure:2633: result: no
configure:2603: checking for mawk
configure:2619: found /usr/bin/mawk
configure:2630: result: mawk
configure:2641: checking whether make sets $(MAKE)
configure:2663: result: yes
configure:2692: checking whether make supports nested variables
configure:2709: result: yes
configure:3049: checking for arm-linux-gcc
configure:3065: found /auto/lootom/toolchain/usr/bin//arm-linux-gcc
configure:3076: result: arm-linux-gcc
configure:3345: checking for C compiler version
configure:3354: arm-linux-gcc --version >&5
arm-linux-gcc (Broadcom Linux) 4.7.2
Copyright (C) 2012 Free Software Foundation, Inc.
This is free software; see the source for copying conditions.  There is NO
warranty; not even for MERCHANTABILITY or FITNESS FOR A PARTICULAR PURPOSE.

configure:3365: $? = 0
configure:3354: arm-linux-gcc -v >&5
Using built-in specs.
COLLECT_GCC=arm-linux-gcc
COLLECT_LTO_WRAPPER=/auto/lootom/toolchain/usr/bin/../libexec/gcc/arm-broadcom-linux-uclibcgnueabi/4.7.2/lto-wrapper
Target: arm-broadcom-linux-uclibcgnueabi
Configured with: /home/daiyujie/OLT_TEST/BCM_IPROC/buildroot/output/toolchain/gcc-4.7.2/configure --prefix=/auto/lootom/toolchain//usr --build=i686-pc-linux-gnu --host=i686-pc-linux-gnu --target=arm-broadcom-linux-uclibcgnueabi --enable-languages=c,c++ --with-sysroot=/auto/lootom/toolchain//usr/arm-broadcom-linux-uclibcgnueabi/sysroot --with-build-time-tools=/auto/lootom/toolchain//usr/arm-broadcom-linux-uclibcgnueabi/bin --disable-__cxa_atexit --enable-target-optspace --disable-libgomp --with-gnu-ld --disable-libssp --disable-multilib --enable-tls --enable-shared --with-gmp=/auto/lootom/toolchain//usr --with-mpfr=/auto/lootom/toolchain//usr --with-mpc=/auto/lootom/toolchain//usr --disable-nls --enable-threads --disable-decimal-float --with-float=soft --with-abi=aapcs-linux --with-arch=armv7-a --with-tune=cortex-a9 --with-pkgversion='Buildroot 2012.11-g81ad316-dirty' --with-bugurl=http://bugs.buildroot.net/ --with-pkgversion='Broadcom Linux'
Thread model: posix
gcc version 4.7.2 (Broadcom Linux) 
configure:3365: $? = 0
configure:3354: arm-linux-gcc -V >&5
arm-linux-gcc: error: unrecognized command line option '-V'
arm-linux-gcc: fatal error: no input files
compilation terminated.
configure:3365: $? = 1
configure:3354: arm-linux-gcc -qversion >&5
arm-linux-gcc: error: unrecognized command line option '-qversion'
arm-linux-gcc: fatal error: no input files
compilation terminated.
configure:3365: $? = 1
configure:3385: checking whether the C compiler works
configure:3407: arm-linux-gcc  -DRELEASE=@RELEASE@ -Wall -W -pedantic -Wshadow -ansi -I/root/buildEvironment/tools/CUnit-2.1-3/CUnit/Headers -std=c99   -L/root/buildEvironment/tools/CUnit-2.1-3/CUnit/Sources conftest.c  >&5
configure:3411: $? = 0
configure:3459: result: yes
configure:3462: checking for C compiler default output file name
configure:3464: result: a.out
configure:3470: checking for suffix of executables
configure:3477: arm-linux-gcc -o conftest  -DRELEASE=@RELEASE@ -Wall -W -pedantic -Wshadow -ansi -I/root/buildEvironment/tools/CUnit-2.1-3/CUnit/Headers -std=c99   -L/root/buildEvironment/tools/CUnit-2.1-3/CUnit/Sources conftest.c  >&5
configure:3481: $? = 0
configure:3503: result: 
configure:3525: checking whether we are cross compiling
configure:3533: arm-linux-gcc -o conftest  -DRELEASE=@RELEASE@ -Wall -W -pedantic -Wshadow -ansi -I/root/buildEvironment/tools/CUnit-2.1-3/CUnit/Headers -std=c99   -L/root/buildEvironment/tools/CUnit-2.1-3/CUnit/Sources conftest.c  >&5
configure:3537: $? = 0
configure:3544: ./conftest
./configure: line 3546: ./conftest: cannot execute binary file
configure:3548: $? = 126
configure:3563: result: yes
configure:3568: checking for suffix of object files
configure:3590: arm-linux-gcc -c  -DRELEASE=@RELEASE@ -Wall -W -pedantic -Wshadow -ansi -I/root/buildEvironment/tools/CUnit-2.1-3/CUnit/Headers -std=c99  conftest.c >&5
configure:3594: $? = 0
configure:3615: result: o
configure:3619: checking whether we are using the GNU C compiler
configure:3638: arm-linux-gcc -c  -DRELEASE=@RELEASE@ -Wall -W -pedantic -Wshadow -ansi -I/root/buildEvironment/tools/CUnit-2.1-3/CUnit/Headers -std=c99  conftest.c >&5
configure:3638: $? = 0
configure:3647: result: yes
configure:3656: checking whether arm-linux-gcc accepts -g
configure:3676: arm-linux-gcc -c -g  conftest.c >&5
configure:3676: $? = 0
configure:3717: result: yes
configure:3734: checking for arm-linux-gcc option to accept ISO C89
configure:3798: arm-linux-gcc  -c  -DRELEASE=@RELEASE@ -Wall -W -pedantic -Wshadow -ansi -I/root/buildEvironment/tools/CUnit-2.1-3/CUnit/Headers -std=c99  conftest.c >&5
configure:3798: $? = 0
configure:3811: result: none needed
configure:3836: checking whether arm-linux-gcc understands -c and -o together
configure:3858: arm-linux-gcc -c conftest.c -o conftest2.o
configure:3861: $? = 0
configure:3858: arm-linux-gcc -c conftest.c -o conftest2.o
configure:3861: $? = 0
configure:3873: result: yes
configure:3901: checking for style of include used by make
configure:3929: result: GNU
configure:3955: checking dependency style of arm-linux-gcc
configure:4066: result: gcc3
configure:4082: checking whether make sets $(MAKE)
configure:4104: result: yes
configure:4142: checking build system type
configure:4156: result: i686-pc-linux-gnu
configure:4176: checking host system type
configure:4189: result: arm-unknown-linux-gnu
configure:4230: checking how to print strings
configure:4257: result: printf
configure:4278: checking for a sed that does not truncate output
configure:4342: result: /bin/sed
configure:4360: checking for grep that handles long lines and -e
configure:4418: result: /bin/grep
configure:4423: checking for egrep
configure:4485: result: /bin/grep -E
configure:4490: checking for fgrep
configure:4552: result: /bin/grep -F
configure:4587: checking for ld used by arm-linux-gcc
configure:4654: result: /auto/lootom/toolchain/usr/arm-broadcom-linux-uclibcgnueabi/bin/ld
configure:4661: checking if the linker (/auto/lootom/toolchain/usr/arm-broadcom-linux-uclibcgnueabi/bin/ld) is GNU ld
configure:4676: result: yes
configure:4688: checking for BSD- or MS-compatible name lister (nm)
configure:4737: result: /auto/lootom/toolchain/usr/bin//arm-linux-nm -B
configure:4867: checking the name lister (/auto/lootom/toolchain/usr/bin//arm-linux-nm -B) interface
configure:4874: arm-linux-gcc -c  -DRELEASE=@RELEASE@ -Wall -W -pedantic -Wshadow -ansi -I/root/buildEvironment/tools/CUnit-2.1-3/CUnit/Headers -std=c99  conftest.c >&5
configure:4877: /auto/lootom/toolchain/usr/bin//arm-linux-nm -B "conftest.o"
configure:4880: output
00000000 B some_variable
configure:4887: result: BSD nm
configure:4890: checking whether ln -s works
configure:4894: result: yes
configure:4902: checking the maximum length of command line arguments
configure:5032: result: 1572864
configure:5049: checking whether the shell understands some XSI constructs
configure:5059: result: yes
configure:5063: checking whether the shell understands "+="
configure:5069: result: yes
configure:5104: checking how to convert i686-pc-linux-gnu file names to arm-unknown-linux-gnu format
configure:5144: result: func_convert_file_noop
configure:5151: checking how to convert i686-pc-linux-gnu file names to toolchain format
configure:5171: result: func_convert_file_noop
configure:5178: checking for /auto/lootom/toolchain/usr/arm-broadcom-linux-uclibcgnueabi/bin/ld option to reload object files
configure:5185: result: -r
configure:5219: checking for arm-linux-objdump
configure:5235: found /auto/lootom/toolchain/usr/bin//arm-linux-objdump
configure:5246: result: arm-linux-objdump
configure:5318: checking how to recognize dependent libraries
configure:5520: result: pass_all
configure:5565: checking for arm-linux-dlltool
configure:5595: result: no
configure:5605: checking for dlltool
configure:5635: result: no
configure:5665: checking how to associate runtime and link libraries
configure:5692: result: printf %s\n
configure:5709: checking for arm-linux-ar
configure:5725: found /auto/lootom/toolchain/usr/bin//arm-linux-ar
configure:5736: result: arm-linux-ar
configure:5817: checking for archiver @FILE support
configure:5834: arm-linux-gcc -c  -DRELEASE=@RELEASE@ -Wall -W -pedantic -Wshadow -ansi -I/root/buildEvironment/tools/CUnit-2.1-3/CUnit/Headers -std=c99  conftest.c >&5
configure:5834: $? = 0
configure:5837: arm-linux-ar cru libconftest.a @conftest.lst >&5
configure:5840: $? = 0
configure:5845: arm-linux-ar cru libconftest.a @conftest.lst >&5
arm-linux-ar: conftest.o: No such file or directory
configure:5848: $? = 1
configure:5860: result: @
configure:5878: checking for arm-linux-strip
configure:5905: result: arm-linux-strip
configure:5977: checking for arm-linux-ranlib
configure:5993: found /auto/lootom/toolchain/usr/bin//arm-linux-ranlib
configure:6004: result: arm-linux-ranlib
configure:6146: checking command to parse /auto/lootom/toolchain/usr/bin//arm-linux-nm -B output from arm-linux-gcc object
configure:6266: arm-linux-gcc -c  -DRELEASE=@RELEASE@ -Wall -W -pedantic -Wshadow -ansi -I/root/buildEvironment/tools/CUnit-2.1-3/CUnit/Headers -std=c99  conftest.c >&5
configure:6269: $? = 0
configure:6273: /auto/lootom/toolchain/usr/bin//arm-linux-nm -B conftest.o \| sed -n -e 's/^.*[ ]\([ABCDGIRSTW][ABCDGIRSTW]*\)[ ][ ]*\([_A-Za-z][_A-Za-z0-9]*\)$/\1 \2 \2/p' | sed '/ __gnu_lto/d' \> conftest.nm
configure:6276: $? = 0
configure:6342: arm-linux-gcc -o conftest  -DRELEASE=@RELEASE@ -Wall -W -pedantic -Wshadow -ansi -I/root/buildEvironment/tools/CUnit-2.1-3/CUnit/Headers -std=c99   -L/root/buildEvironment/tools/CUnit-2.1-3/CUnit/Sources conftest.c conftstm.o >&5
conftest.c:29:20: warning: ISO C forbids conversion of function pointer to object pointer type [-pedantic]
configure:6345: $? = 0
configure:6383: result: ok
configure:6420: checking for sysroot
configure:6450: result: no
configure:6666: checking for arm-linux-mt
configure:6696: result: no
configure:6706: checking for mt
configure:6722: found /bin/mt
configure:6733: result: mt
configure:6745: WARNING: using cross tools not prefixed with host triplet
configure:6756: checking if mt is a manifest tool
configure:6762: mt '-?'
configure:6770: result: no
configure:7412: checking how to run the C preprocessor
configure:7443: arm-linux-gcc -E  conftest.c
configure:7443: $? = 0
configure:7457: arm-linux-gcc -E  conftest.c
conftest.c:11:28: fatal error: ac_nonexistent.h: No such file or directory
compilation terminated.
configure:7457: $? = 1
configure: failed program was:
| /* confdefs.h */
| #define PACKAGE_NAME "CUnit"
| #define PACKAGE_TARNAME "cunit"
| #define PACKAGE_VERSION "2.1-3"
| #define PACKAGE_STRING "CUnit 2.1-3"
| #define PACKAGE_BUGREPORT ""
| #define PACKAGE_URL ""
| #define PACKAGE "CUnit"
| #define VERSION "2.1-3"
| /* end confdefs.h.  */
| #include <ac_nonexistent.h>
configure:7482: result: arm-linux-gcc -E
configure:7502: arm-linux-gcc -E  conftest.c
configure:7502: $? = 0
configure:7516: arm-linux-gcc -E  conftest.c
conftest.c:11:28: fatal error: ac_nonexistent.h: No such file or directory
compilation terminated.
configure:7516: $? = 1
configure: failed program was:
| /* confdefs.h */
| #define PACKAGE_NAME "CUnit"
| #define PACKAGE_TARNAME "cunit"
| #define PACKAGE_VERSION "2.1-3"
| #define PACKAGE_STRING "CUnit 2.1-3"
| #define PACKAGE_BUGREPORT ""
| #define PACKAGE_URL ""
| #define PACKAGE "CUnit"
| #define VERSION "2.1-3"
| /* end confdefs.h.  */
| #include <ac_nonexistent.h>
configure:7545: checking for ANSI C header files
configure:7565: arm-linux-gcc -c  -DRELEASE=@RELEASE@ -Wall -W -pedantic -Wshadow -ansi -I/root/buildEvironment/tools/CUnit-2.1-3/CUnit/Headers -std=c99  conftest.c >&5
configure:7565: $? = 0
configure:7649: result: yes
configure:7662: checking for sys/types.h
configure:7662: arm-linux-gcc -c  -DRELEASE=@RELEASE@ -Wall -W -pedantic -Wshadow -ansi -I/root/buildEvironment/tools/CUnit-2.1-3/CUnit/Headers -std=c99  conftest.c >&5
configure:7662: $? = 0
configure:7662: result: yes
configure:7662: checking for sys/stat.h
configure:7662: arm-linux-gcc -c  -DRELEASE=@RELEASE@ -Wall -W -pedantic -Wshadow -ansi -I/root/buildEvironment/tools/CUnit-2.1-3/CUnit/Headers -std=c99  conftest.c >&5
configure:7662: $? = 0
configure:7662: result: yes
configure:7662: checking for stdlib.h
configure:7662: arm-linux-gcc -c  -DRELEASE=@RELEASE@ -Wall -W -pedantic -Wshadow -ansi -I/root/buildEvironment/tools/CUnit-2.1-3/CUnit/Headers -std=c99  conftest.c >&5
configure:7662: $? = 0
configure:7662: result: yes
configure:7662: checking for string.h
configure:7662: arm-linux-gcc -c  -DRELEASE=@RELEASE@ -Wall -W -pedantic -Wshadow -ansi -I/root/buildEvironment/tools/CUnit-2.1-3/CUnit/Headers -std=c99  conftest.c >&5
configure:7662: $? = 0
configure:7662: result: yes
configure:7662: checking for memory.h
configure:7662: arm-linux-gcc -c  -DRELEASE=@RELEASE@ -Wall -W -pedantic -Wshadow -ansi -I/root/buildEvironment/tools/CUnit-2.1-3/CUnit/Headers -std=c99  conftest.c >&5
configure:7662: $? = 0
configure:7662: result: yes
configure:7662: checking for strings.h
configure:7662: arm-linux-gcc -c  -DRELEASE=@RELEASE@ -Wall -W -pedantic -Wshadow -ansi -I/root/buildEvironment/tools/CUnit-2.1-3/CUnit/Headers -std=c99  conftest.c >&5
configure:7662: $? = 0
configure:7662: result: yes
configure:7662: checking for inttypes.h
configure:7662: arm-linux-gcc -c  -DRELEASE=@RELEASE@ -Wall -W -pedantic -Wshadow -ansi -I/root/buildEvironment/tools/CUnit-2.1-3/CUnit/Headers -std=c99  conftest.c >&5
configure:7662: $? = 0
configure:7662: result: yes
configure:7662: checking for stdint.h
configure:7662: arm-linux-gcc -c  -DRELEASE=@RELEASE@ -Wall -W -pedantic -Wshadow -ansi -I/root/buildEvironment/tools/CUnit-2.1-3/CUnit/Headers -std=c99  conftest.c >&5
configure:7662: $? = 0
configure:7662: result: yes
configure:7662: checking for unistd.h
configure:7662: arm-linux-gcc -c  -DRELEASE=@RELEASE@ -Wall -W -pedantic -Wshadow -ansi -I/root/buildEvironment/tools/CUnit-2.1-3/CUnit/Headers -std=c99  conftest.c >&5
configure:7662: $? = 0
configure:7662: result: yes
configure:7676: checking for dlfcn.h
configure:7676: arm-linux-gcc -c  -DRELEASE=@RELEASE@ -Wall -W -pedantic -Wshadow -ansi -I/root/buildEvironment/tools/CUnit-2.1-3/CUnit/Headers -std=c99  conftest.c >&5
configure:7676: $? = 0
configure:7676: result: yes
configure:7882: checking for objdir
configure:7897: result: .libs
configure:8164: checking if arm-linux-gcc supports -fno-rtti -fno-exceptions
configure:8182: arm-linux-gcc -c  -DRELEASE=@RELEASE@ -Wall -W -pedantic -Wshadow -ansi -I/root/buildEvironment/tools/CUnit-2.1-3/CUnit/Headers -std=c99  -fno-rtti -fno-exceptions conftest.c >&5
cc1: warning: command line option '-fno-rtti' is valid for C++/ObjC++ but not for C [enabled by default]
configure:8186: $? = 0
configure:8199: result: no
configure:8526: checking for arm-linux-gcc option to produce PIC
configure:8533: result: -fPIC -DPIC
configure:8541: checking if arm-linux-gcc PIC flag -fPIC -DPIC works
configure:8559: arm-linux-gcc -c  -DRELEASE=@RELEASE@ -Wall -W -pedantic -Wshadow -ansi -I/root/buildEvironment/tools/CUnit-2.1-3/CUnit/Headers -std=c99  -fPIC -DPIC -DPIC conftest.c >&5
configure:8563: $? = 0
configure:8576: result: yes
configure:8605: checking if arm-linux-gcc static flag -static works
configure:8633: result: yes
configure:8648: checking if arm-linux-gcc supports -c -o file.o
configure:8669: arm-linux-gcc -c  -DRELEASE=@RELEASE@ -Wall -W -pedantic -Wshadow -ansi -I/root/buildEvironment/tools/CUnit-2.1-3/CUnit/Headers -std=c99  -o out/conftest2.o conftest.c >&5
configure:8673: $? = 0
configure:8695: result: yes
configure:8703: checking if arm-linux-gcc supports -c -o file.o
configure:8750: result: yes
configure:8783: checking whether the arm-linux-gcc linker (/auto/lootom/toolchain/usr/arm-broadcom-linux-uclibcgnueabi/bin/ld) supports shared libraries
configure:9940: result: yes
configure:9977: checking whether -lc should be explicitly linked in
configure:9985: arm-linux-gcc -c  -DRELEASE=@RELEASE@ -Wall -W -pedantic -Wshadow -ansi -I/root/buildEvironment/tools/CUnit-2.1-3/CUnit/Headers -std=c99  conftest.c >&5
configure:9988: $? = 0
configure:10003: arm-linux-gcc -shared  -fPIC -DPIC conftest.o  -v -Wl,-soname -Wl,conftest -o conftest 2\>\&1 \| /bin/grep  -lc  \>/dev/null 2\>\&1
configure:10006: $? = 0
configure:10020: result: no
configure:10180: checking dynamic linker characteristics
configure:10691: arm-linux-gcc -o conftest  -DRELEASE=@RELEASE@ -Wall -W -pedantic -Wshadow -ansi -I/root/buildEvironment/tools/CUnit-2.1-3/CUnit/Headers -std=c99   -L/root/buildEvironment/tools/CUnit-2.1-3/CUnit/Sources -Wl,-rpath -Wl,/foo conftest.c  >&5
configure:10691: $? = 0
configure:10925: result: GNU/Linux ld.so
configure:11032: checking how to hardcode library paths into programs
configure:11057: result: immediate
configure:11597: checking whether stripping libraries is possible
configure:11602: result: yes
configure:11637: checking if libtool supports shared libraries
configure:11639: result: yes
configure:11642: checking whether to build shared libraries
configure:11663: result: yes
configure:11666: checking whether to build static libraries
configure:11670: result: yes
configure:11708: checking for main in -lc
configure:11727: arm-linux-gcc -o conftest  -DRELEASE=@RELEASE@ -Wall -W -pedantic -Wshadow -ansi -I/root/buildEvironment/tools/CUnit-2.1-3/CUnit/Headers -std=c99   -L/root/buildEvironment/tools/CUnit-2.1-3/CUnit/Sources conftest.c -lc   >&5
configure:11727: $? = 0
configure:11736: result: yes
configure:11853: checking for malloc
configure:11853: arm-linux-gcc -o conftest  -DRELEASE=@RELEASE@ -Wall -W -pedantic -Wshadow -ansi -I/root/buildEvironment/tools/CUnit-2.1-3/CUnit/Headers -std=c99   -L/root/buildEvironment/tools/CUnit-2.1-3/CUnit/Sources conftest.c -lc  >&5
conftest.c:47:6: warning: conflicting types for built-in function 'malloc' [enabled by default]
configure:11853: $? = 0
configure:11853: result: yes
configure:11860: checking for free
configure:11860: arm-linux-gcc -o conftest  -DRELEASE=@RELEASE@ -Wall -W -pedantic -Wshadow -ansi -I/root/buildEvironment/tools/CUnit-2.1-3/CUnit/Headers -std=c99   -L/root/buildEvironment/tools/CUnit-2.1-3/CUnit/Sources conftest.c -lc  >&5
conftest.c:47:6: warning: conflicting types for built-in function 'free' [enabled by default]
configure:11860: $? = 0
configure:11860: result: yes
configure:11867: checking for calloc
configure:11867: arm-linux-gcc -o conftest  -DRELEASE=@RELEASE@ -Wall -W -pedantic -Wshadow -ansi -I/root/buildEvironment/tools/CUnit-2.1-3/CUnit/Headers -std=c99   -L/root/buildEvironment/tools/CUnit-2.1-3/CUnit/Sources conftest.c -lc  >&5
conftest.c:47:6: warning: conflicting types for built-in function 'calloc' [enabled by default]
configure:11867: $? = 0
configure:11867: result: yes
configure:11874: checking for realloc
configure:11874: arm-linux-gcc -o conftest  -DRELEASE=@RELEASE@ -Wall -W -pedantic -Wshadow -ansi -I/root/buildEvironment/tools/CUnit-2.1-3/CUnit/Headers -std=c99   -L/root/buildEvironment/tools/CUnit-2.1-3/CUnit/Sources conftest.c -lc  >&5
conftest.c:47:6: warning: conflicting types for built-in function 'realloc' [enabled by default]
configure:11874: $? = 0
configure:11874: result: yes
configure:11882: checking for strcpy
configure:11882: arm-linux-gcc -o conftest  -DRELEASE=@RELEASE@ -Wall -W -pedantic -Wshadow -ansi -I/root/buildEvironment/tools/CUnit-2.1-3/CUnit/Headers -std=c99   -L/root/buildEvironment/tools/CUnit-2.1-3/CUnit/Sources conftest.c -lc  >&5
conftest.c:47:6: warning: conflicting types for built-in function 'strcpy' [enabled by default]
configure:11882: $? = 0
configure:11882: result: yes
configure:11889: checking for strerror
configure:11889: arm-linux-gcc -o conftest  -DRELEASE=@RELEASE@ -Wall -W -pedantic -Wshadow -ansi -I/root/buildEvironment/tools/CUnit-2.1-3/CUnit/Headers -std=c99   -L/root/buildEvironment/tools/CUnit-2.1-3/CUnit/Sources conftest.c -lc  >&5
configure:11889: $? = 0
configure:11889: result: yes
configure:11897: checking for fopen
configure:11897: arm-linux-gcc -o conftest  -DRELEASE=@RELEASE@ -Wall -W -pedantic -Wshadow -ansi -I/root/buildEvironment/tools/CUnit-2.1-3/CUnit/Headers -std=c99   -L/root/buildEvironment/tools/CUnit-2.1-3/CUnit/Sources conftest.c -lc  >&5
configure:11897: $? = 0
configure:11897: result: yes
configure:11904: checking for fclose
configure:11904: arm-linux-gcc -o conftest  -DRELEASE=@RELEASE@ -Wall -W -pedantic -Wshadow -ansi -I/root/buildEvironment/tools/CUnit-2.1-3/CUnit/Headers -std=c99   -L/root/buildEvironment/tools/CUnit-2.1-3/CUnit/Sources conftest.c -lc  >&5
configure:11904: $? = 0
configure:11904: result: yes
configure:11911: checking for fprintf
configure:11911: arm-linux-gcc -o conftest  -DRELEASE=@RELEASE@ -Wall -W -pedantic -Wshadow -ansi -I/root/buildEvironment/tools/CUnit-2.1-3/CUnit/Headers -std=c99   -L/root/buildEvironment/tools/CUnit-2.1-3/CUnit/Sources conftest.c -lc  >&5
conftest.c:47:6: warning: conflicting types for built-in function 'fprintf' [enabled by default]
configure:11911: $? = 0
configure:11911: result: yes
configure:11918: checking for snprintf
configure:11918: arm-linux-gcc -o conftest  -DRELEASE=@RELEASE@ -Wall -W -pedantic -Wshadow -ansi -I/root/buildEvironment/tools/CUnit-2.1-3/CUnit/Headers -std=c99   -L/root/buildEvironment/tools/CUnit-2.1-3/CUnit/Sources conftest.c -lc  >&5
conftest.c:47:6: warning: conflicting types for built-in function 'snprintf' [enabled by default]
configure:11918: $? = 0
configure:11918: result: yes
configure:11925: checking for setvbuf
configure:11925: arm-linux-gcc -o conftest  -DRELEASE=@RELEASE@ -Wall -W -pedantic -Wshadow -ansi -I/root/buildEvironment/tools/CUnit-2.1-3/CUnit/Headers -std=c99   -L/root/buildEvironment/tools/CUnit-2.1-3/CUnit/Sources conftest.c -lc  >&5
configure:11925: $? = 0
configure:11925: result: yes
configure:11933: checking for time
configure:11933: arm-linux-gcc -o conftest  -DRELEASE=@RELEASE@ -Wall -W -pedantic -Wshadow -ansi -I/root/buildEvironment/tools/CUnit-2.1-3/CUnit/Headers -std=c99   -L/root/buildEvironment/tools/CUnit-2.1-3/CUnit/Sources conftest.c -lc  >&5
configure:11933: $? = 0
configure:11933: result: yes
configure:11940: checking for ctime
configure:11940: arm-linux-gcc -o conftest  -DRELEASE=@RELEASE@ -Wall -W -pedantic -Wshadow -ansi -I/root/buildEvironment/tools/CUnit-2.1-3/CUnit/Headers -std=c99   -L/root/buildEvironment/tools/CUnit-2.1-3/CUnit/Sources conftest.c -lc  >&5
configure:11940: $? = 0
configure:11940: result: yes
configure:11948: checking for ANSI C header files
configure:12052: result: yes
configure:12062: checking assert.h usability
configure:12062: arm-linux-gcc -c  -DRELEASE=@RELEASE@ -Wall -W -pedantic -Wshadow -ansi -I/root/buildEvironment/tools/CUnit-2.1-3/CUnit/Headers -std=c99  conftest.c >&5
configure:12062: $? = 0
configure:12062: result: yes
configure:12062: checking assert.h presence
configure:12062: arm-linux-gcc -E  conftest.c
configure:12062: $? = 0
configure:12062: result: yes
configure:12062: checking for assert.h
configure:12062: result: yes
configure:12074: checking ctype.h usability
configure:12074: arm-linux-gcc -c  -DRELEASE=@RELEASE@ -Wall -W -pedantic -Wshadow -ansi -I/root/buildEvironment/tools/CUnit-2.1-3/CUnit/Headers -std=c99  conftest.c >&5
configure:12074: $? = 0
configure:12074: result: yes
configure:12074: checking ctype.h presence
configure:12074: arm-linux-gcc -E  conftest.c
configure:12074: $? = 0
configure:12074: result: yes
configure:12074: checking for ctype.h
configure:12074: result: yes
configure:12086: checking math.h usability
configure:12086: arm-linux-gcc -c  -DRELEASE=@RELEASE@ -Wall -W -pedantic -Wshadow -ansi -I/root/buildEvironment/tools/CUnit-2.1-3/CUnit/Headers -std=c99  conftest.c >&5
configure:12086: $? = 0
configure:12086: result: yes
configure:12086: checking math.h presence
configure:12086: arm-linux-gcc -E  conftest.c
configure:12086: $? = 0
configure:12086: result: yes
configure:12086: checking for math.h
configure:12086: result: yes
configure:12098: checking file.h usability
configure:12098: arm-linux-gcc -c  -DRELEASE=@RELEASE@ -Wall -W -pedantic -Wshadow -ansi -I/root/buildEvironment/tools/CUnit-2.1-3/CUnit/Headers -std=c99  conftest.c >&5
conftest.c:61:18: fatal error: file.h: No such file or directory
compilation terminated.
configure:12098: $? = 1
configure: failed program was:
| /* confdefs.h */
| #define PACKAGE_NAME "CUnit"
| #define PACKAGE_TARNAME "cunit"
| #define PACKAGE_VERSION "2.1-3"
| #define PACKAGE_STRING "CUnit 2.1-3"
| #define PACKAGE_BUGREPORT ""
| #define PACKAGE_URL ""
| #define PACKAGE "CUnit"
| #define VERSION "2.1-3"
| #define STDC_HEADERS 1
| #define HAVE_SYS_TYPES_H 1
| #define HAVE_SYS_STAT_H 1
| #define HAVE_STDLIB_H 1
| #define HAVE_STRING_H 1
| #define HAVE_MEMORY_H 1
| #define HAVE_STRINGS_H 1
| #define HAVE_INTTYPES_H 1
| #define HAVE_STDINT_H 1
| #define HAVE_UNISTD_H 1
| #define HAVE_DLFCN_H 1
| #define LT_OBJDIR ".libs/"
| #define HAVE_LIBC 1
| #define STDC_HEADERS 1
| #define HAVE_ASSERT_H 1
| #define HAVE_CTYPE_H 1
| #define HAVE_MATH_H 1
| /* end confdefs.h.  */
| #include <stdio.h>
| #ifdef HAVE_SYS_TYPES_H
| # include <sys/types.h>
| #endif
| #ifdef HAVE_SYS_STAT_H
| # include <sys/stat.h>
| #endif
| #ifdef STDC_HEADERS
| # include <stdlib.h>
| # include <stddef.h>
| #else
| # ifdef HAVE_STDLIB_H
| #  include <stdlib.h>
| # endif
| #endif
| #ifdef HAVE_STRING_H
| # if !defined STDC_HEADERS && defined HAVE_MEMORY_H
| #  include <memory.h>
| # endif
| # include <string.h>
| #endif
| #ifdef HAVE_STRINGS_H
| # include <strings.h>
| #endif
| #ifdef HAVE_INTTYPES_H
| # include <inttypes.h>
| #endif
| #ifdef HAVE_STDINT_H
| # include <stdint.h>
| #endif
| #ifdef HAVE_UNISTD_H
| # include <unistd.h>
| #endif
| #include <file.h>
configure:12098: result: no
configure:12098: checking file.h presence
configure:12098: arm-linux-gcc -E  conftest.c
conftest.c:28:18: fatal error: file.h: No such file or directory
compilation terminated.
configure:12098: $? = 1
configure: failed program was:
| /* confdefs.h */
| #define PACKAGE_NAME "CUnit"
| #define PACKAGE_TARNAME "cunit"
| #define PACKAGE_VERSION "2.1-3"
| #define PACKAGE_STRING "CUnit 2.1-3"
| #define PACKAGE_BUGREPORT ""
| #define PACKAGE_URL ""
| #define PACKAGE "CUnit"
| #define VERSION "2.1-3"
| #define STDC_HEADERS 1
| #define HAVE_SYS_TYPES_H 1
| #define HAVE_SYS_STAT_H 1
| #define HAVE_STDLIB_H 1
| #define HAVE_STRING_H 1
| #define HAVE_MEMORY_H 1
| #define HAVE_STRINGS_H 1
| #define HAVE_INTTYPES_H 1
| #define HAVE_STDINT_H 1
| #define HAVE_UNISTD_H 1
| #define HAVE_DLFCN_H 1
| #define LT_OBJDIR ".libs/"
| #define HAVE_LIBC 1
| #define STDC_HEADERS 1
| #define HAVE_ASSERT_H 1
| #define HAVE_CTYPE_H 1
| #define HAVE_MATH_H 1
| /* end confdefs.h.  */
| #include <file.h>
configure:12098: result: no
configure:12098: checking for file.h
configure:12098: result: no
configure:12110: checking stdio.h usability
configure:12110: arm-linux-gcc -c  -DRELEASE=@RELEASE@ -Wall -W -pedantic -Wshadow -ansi -I/root/buildEvironment/tools/CUnit-2.1-3/CUnit/Headers -std=c99  conftest.c >&5
configure:12110: $? = 0
configure:12110: result: yes
configure:12110: checking stdio.h presence
configure:12110: arm-linux-gcc -E  conftest.c
configure:12110: $? = 0
configure:12110: result: yes
configure:12110: checking for stdio.h
configure:12110: result: yes
configure:12122: checking for stdlib.h
configure:12122: result: yes
configure:12134: checking for string.h
configure:12134: result: yes
configure:12148: checking for an ANSI C-conforming const
configure:12213: arm-linux-gcc -c  -DRELEASE=@RELEASE@ -Wall -W -pedantic -Wshadow -ansi -I/root/buildEvironment/tools/CUnit-2.1-3/CUnit/Headers -std=c99  conftest.c >&5
conftest.c: In function 'main':
conftest.c:60:10: warning: 't' is used uninitialized in this function [-Wuninitialized]
conftest.c:76:23: warning: 'b' may be used uninitialized in this function [-Wuninitialized]
configure:12213: $? = 0
configure:12220: result: yes
configure:12364: checking that generated files are newer than configure
configure:12370: result: done
configure:12417: creating ./config.status

## ---------------------- ##
## Running config.status. ##
## ---------------------- ##

This file was extended by CUnit config.status 2.1-3, which was
generated by GNU Autoconf 2.68.  Invocation command line was

  CONFIG_FILES    = 
  CONFIG_HEADERS  = 
  CONFIG_LINKS    = 
  CONFIG_COMMANDS = 
  $ ./config.status 

on ubuntu

config.status:1153: creating Jamrules
config.status:1153: creating Makefile
config.status:1153: creating CUnit.spec
config.status:1153: creating cunit.pc
config.status:1153: creating CUnit/Makefile
config.status:1153: creating CUnit/Headers/Makefile
config.status:1153: creating CUnit/Headers/CUnit.h
config.status:1153: creating CUnit/Sources/Makefile
config.status:1153: creating CUnit/Sources/Framework/Makefile
config.status:1153: creating CUnit/Sources/Automated/Makefile
config.status:1153: creating CUnit/Sources/Basic/Makefile
config.status:1153: creating CUnit/Sources/Console/Makefile
config.status:1153: creating CUnit/Sources/Curses/Makefile
config.status:1153: creating CUnit/Sources/Test/Makefile
config.status:1153: creating doc/Makefile
config.status:1153: creating doc/headers/Makefile
config.status:1153: creating Examples/Makefile
config.status:1153: creating Examples/AutomatedTest/Makefile
config.status:1153: creating Examples/BasicTest/Makefile
config.status:1153: creating Examples/ConsoleTest/Makefile
config.status:1153: creating Examples/CursesTest/Makefile
config.status:1153: creating Man/Makefile
config.status:1153: creating Man/man3/Makefile
config.status:1153: creating Share/Makefile
config.status:1153: creating config.h
config.status:1334: config.h is unchanged
config.status:1382: executing depfiles commands
config.status:1382: executing libtool commands

## ---------------- ##
## Cache variables. ##
## ---------------- ##

ac_cv_build=i686-pc-linux-gnu
ac_cv_c_compiler_gnu=yes
ac_cv_c_const=yes
ac_cv_env_CC_set=
ac_cv_env_CC_value=
ac_cv_env_CFLAGS_set=
ac_cv_env_CFLAGS_value=
ac_cv_env_CPPFLAGS_set=
ac_cv_env_CPPFLAGS_value=
ac_cv_env_CPP_set=
ac_cv_env_CPP_value=
ac_cv_env_LDFLAGS_set=
ac_cv_env_LDFLAGS_value=
ac_cv_env_LIBS_set=
ac_cv_env_LIBS_value=
ac_cv_env_build_alias_set=
ac_cv_env_build_alias_value=
ac_cv_env_host_alias_set=set
ac_cv_env_host_alias_value=arm-linux
ac_cv_env_target_alias_set=
ac_cv_env_target_alias_value=
ac_cv_func_calloc=yes
ac_cv_func_ctime=yes
ac_cv_func_fclose=yes
ac_cv_func_fopen=yes
ac_cv_func_fprintf=yes
ac_cv_func_free=yes
ac_cv_func_malloc=yes
ac_cv_func_realloc=yes
ac_cv_func_setvbuf=yes
ac_cv_func_snprintf=yes
ac_cv_func_strcpy=yes
ac_cv_func_strerror=yes
ac_cv_func_time=yes
ac_cv_header_assert_h=yes
ac_cv_header_ctype_h=yes
ac_cv_header_dlfcn_h=yes
ac_cv_header_file_h=no
ac_cv_header_inttypes_h=yes
ac_cv_header_math_h=yes
ac_cv_header_memory_h=yes
ac_cv_header_stdc=yes
ac_cv_header_stdint_h=yes
ac_cv_header_stdio_h=yes
ac_cv_header_stdlib_h=yes
ac_cv_header_string_h=yes
ac_cv_header_strings_h=yes
ac_cv_header_sys_stat_h=yes
ac_cv_header_sys_types_h=yes
ac_cv_header_unistd_h=yes
ac_cv_host=arm-unknown-linux-gnu
ac_cv_lib_c_main=yes
ac_cv_objext=o
ac_cv_path_EGREP='/bin/grep -E'
ac_cv_path_FGREP='/bin/grep -F'
ac_cv_path_GREP=/bin/grep
ac_cv_path_SED=/bin/sed
ac_cv_path_install='/usr/bin/install -c'
ac_cv_path_mkdir=/bin/mkdir
ac_cv_prog_AR=arm-linux-ar
ac_cv_prog_AWK=mawk
ac_cv_prog_CC=arm-linux-gcc
ac_cv_prog_CPP='arm-linux-gcc -E'
ac_cv_prog_OBJDUMP=arm-linux-objdump
ac_cv_prog_RANLIB=arm-linux-ranlib
ac_cv_prog_STRIP=arm-linux-strip
ac_cv_prog_ac_ct_MANIFEST_TOOL=mt
ac_cv_prog_cc_c89=
ac_cv_prog_cc_g=yes
ac_cv_prog_make_make_set=yes
am_cv_CC_dependencies_compiler_type=gcc3
am_cv_make_support_nested_variables=yes
am_cv_prog_cc_c_o=yes
lt_cv_ar_at_file=@
lt_cv_archive_cmds_need_lc=no
lt_cv_deplibs_check_method=pass_all
lt_cv_file_magic_cmd='$MAGIC_CMD'
lt_cv_file_magic_test_file=
lt_cv_ld_reload_flag=-r
lt_cv_nm_interface='BSD nm'
lt_cv_objdir=.libs
lt_cv_path_LD=/auto/lootom/toolchain/usr/arm-broadcom-linux-uclibcgnueabi/bin/ld
lt_cv_path_NM='/auto/lootom/toolchain/usr/bin//arm-linux-nm -B'
lt_cv_path_mainfest_tool=no
lt_cv_prog_compiler_c_o=yes
lt_cv_prog_compiler_pic='-fPIC -DPIC'
lt_cv_prog_compiler_pic_works=yes
lt_cv_prog_compiler_rtti_exceptions=no
lt_cv_prog_compiler_static_works=yes
lt_cv_prog_gnu_ld=yes
lt_cv_sharedlib_from_linklib_cmd='printf %s\n'
lt_cv_shlibpath_overrides_runpath=no
lt_cv_sys_global_symbol_pipe='sed -n -e '\''s/^.*[	 ]\([ABCDGIRSTW][ABCDGIRSTW]*\)[	 ][	 ]*\([_A-Za-z][_A-Za-z0-9]*\)$/\1 \2 \2/p'\'' | sed '\''/ __gnu_lto/d'\'''
lt_cv_sys_global_symbol_to_c_name_address='sed -n -e '\''s/^: \([^ ]*\)[ ]*$/  {\"\1\", (void *) 0},/p'\'' -e '\''s/^[ABCDGIRSTW]* \([^ ]*\) \([^ ]*\)$/  {"\2", (void *) \&\2},/p'\'''
lt_cv_sys_global_symbol_to_c_name_address_lib_prefix='sed -n -e '\''s/^: \([^ ]*\)[ ]*$/  {\"\1\", (void *) 0},/p'\'' -e '\''s/^[ABCDGIRSTW]* \([^ ]*\) \(lib[^ ]*\)$/  {"\2", (void *) \&\2},/p'\'' -e '\''s/^[ABCDGIRSTW]* \([^ ]*\) \([^ ]*\)$/  {"lib\2", (void *) \&\2},/p'\'''
lt_cv_sys_global_symbol_to_cdecl='sed -n -e '\''s/^T .* \(.*\)$/extern int \1();/p'\'' -e '\''s/^[ABCDGIRSTW]* .* \(.*\)$/extern char \1;/p'\'''
lt_cv_sys_max_cmd_len=1572864
lt_cv_to_host_file_cmd=func_convert_file_noop
lt_cv_to_tool_file_cmd=func_convert_file_noop

## ----------------- ##
## Output variables. ##
## ----------------- ##

ACLOCAL='${SHELL} /root/buildEvironment/tools/CUnit-2.1-3/missing aclocal-1.15'
AMDEPBACKSLASH='\'
AMDEP_FALSE='#'
AMDEP_TRUE=''
AMTAR='$${TAR-tar}'
AM_BACKSLASH='\'
AM_DEFAULT_V='$(AM_DEFAULT_VERBOSITY)'
AM_DEFAULT_VERBOSITY='1'
AM_V='$(V)'
AR='arm-linux-ar'
AUTOCONF='${SHELL} /root/buildEvironment/tools/CUnit-2.1-3/missing autoconf'
AUTOHEADER='${SHELL} /root/buildEvironment/tools/CUnit-2.1-3/missing autoheader'
AUTOMAKE='${SHELL} /root/buildEvironment/tools/CUnit-2.1-3/missing automake-1.15'
AWK='mawk'
BUILD_AUTOMATED='TRUE'
BUILD_BASIC='TRUE'
BUILD_CONSOLE='TRUE'
BUILD_CURSES='FALSE'
BUILD_EXAMPLES='FALSE'
BUILD_TEST='FALSE'
CC='arm-linux-gcc'
CCDEPMODE='depmode=gcc3'
CFLAGS=' -DRELEASE=@RELEASE@ -Wall -W -pedantic -Wshadow -ansi -I/root/buildEvironment/tools/CUnit-2.1-3/CUnit/Headers -std=c99'
CPP='arm-linux-gcc -E'
CPPFLAGS=''
CURSES_LIB=''
CYGPATH_W='echo'
DEFS='-DHAVE_CONFIG_H'
DEPDIR='.deps'
DLLTOOL='false'
DSYMUTIL=''
DUMPBIN=''
ECHO_C=''
ECHO_N='-n'
ECHO_T=''
EGREP='/bin/grep -E'
ENABLE_AUTOMATED_FALSE='#'
ENABLE_AUTOMATED_TRUE=''
ENABLE_BASIC_FALSE='#'
ENABLE_BASIC_TRUE=''
ENABLE_CONSOLE_FALSE='#'
ENABLE_CONSOLE_TRUE=''
ENABLE_CURSES_FALSE=''
ENABLE_CURSES_TRUE='#'
ENABLE_DEBUG='FALSE'
ENABLE_DEPRECATED='FALSE'
ENABLE_EXAMPLES_FALSE=''
ENABLE_EXAMPLES_TRUE='#'
ENABLE_MEMTRACE='FALSE'
ENABLE_TEST_FALSE=''
ENABLE_TEST_TRUE='#'
EXEEXT=''
FGREP='/bin/grep -F'
GREP='/bin/grep'
INSTALL_DATA='${INSTALL} -m 644'
INSTALL_PROGRAM='${INSTALL}'
INSTALL_SCRIPT='${INSTALL}'
INSTALL_STRIP_PROGRAM='$(install_sh) -c -s'
LD='/auto/lootom/toolchain/usr/arm-broadcom-linux-uclibcgnueabi/bin/ld'
LDFLAGS=' -L/root/buildEvironment/tools/CUnit-2.1-3/CUnit/Sources'
LIBOBJS=''
LIBS='-lc '
LIBTOOL='$(SHELL) $(top_builddir)/libtool'
LIBTOOL_AGE='0'
LIBTOOL_CURRENT='1'
LIBTOOL_REVISION='1'
LIBTOOL_SUFFIX1='1'
LIBTOOL_SUFFIX='1.0.1'
LIPO=''
LN_S='ln -s'
LTLIBOBJS=''
MAKEINFO='${SHELL} /root/buildEvironment/tools/CUnit-2.1-3/missing makeinfo'
MANIFEST_TOOL=':'
MKDIR_P='/bin/mkdir -p'
NM='/auto/lootom/toolchain/usr/bin//arm-linux-nm -B'
NMEDIT=''
OBJDUMP='arm-linux-objdump'
OBJEXT='o'
OTOOL64=''
OTOOL=''
PACKAGE='CUnit'
PACKAGE_BUGREPORT=''
PACKAGE_NAME='CUnit'
PACKAGE_STRING='CUnit 2.1-3'
PACKAGE_TARNAME='cunit'
PACKAGE_URL=''
PACKAGE_VERSION='2.1-3'
PATH_SEPARATOR=':'
RANLIB='arm-linux-ranlib'
RELEASE='3'
SED='/bin/sed'
SET_MAKE=''
SHELL='/bin/bash'
STRIP='arm-linux-strip'
VERSION='2.1'
VERSION_MAJOR='2'
VERSION_MINOR='1'
ac_ct_AR=''
ac_ct_CC=''
ac_ct_DUMPBIN=''
am__EXEEXT_FALSE=''
am__EXEEXT_TRUE='#'
am__fastdepCC_FALSE='#'
am__fastdepCC_TRUE=''
am__include='include'
am__isrc=''
am__leading_dot='.'
am__nodep='_no'
am__quote=''
am__tar='$${TAR-tar} chof - "$$tardir"'
am__untar='$${TAR-tar} xf -'
bindir='${exec_prefix}/bin'
build='i686-pc-linux-gnu'
build_alias=''
build_cpu='i686'
build_os='linux-gnu'
build_vendor='pc'
datadir='${datarootdir}'
datarootdir='${prefix}/share'
docdir='${datarootdir}/doc/${PACKAGE_TARNAME}'
dvidir='${docdir}'
exec_prefix='${prefix}'
host='arm-unknown-linux-gnu'
host_alias='arm-linux'
host_cpu='arm'
host_os='linux-gnu'
host_vendor='unknown'
htmldir='${docdir}'
includedir='${prefix}/include'
infodir='${datarootdir}/info'
install_sh='${SHELL} /root/buildEvironment/tools/CUnit-2.1-3/install-sh'
libdir='${exec_prefix}/lib'
libexecdir='${exec_prefix}/libexec'
localedir='${datarootdir}/locale'
localstatedir='${prefix}/var'
mandir='${datarootdir}/man'
mkdir_p='$(MKDIR_P)'
oldincludedir='/usr/include'
pdfdir='${docdir}'
prefix='/root/buildEvironment/tools/cunit/arm-linux'
program_transform_name='s,x,x,'
psdir='${docdir}'
sbindir='${exec_prefix}/sbin'
sharedstatedir='${prefix}/com'
sysconfdir='${prefix}/etc'
target_alias=''

## ----------- ##
## confdefs.h. ##
## ----------- ##

/* confdefs.h */
#define PACKAGE_NAME "CUnit"
#define PACKAGE_TARNAME "cunit"
#define PACKAGE_VERSION "2.1-3"
#define PACKAGE_STRING "CUnit 2.1-3"
#define PACKAGE_BUGREPORT ""
#define PACKAGE_URL ""
#define PACKAGE "CUnit"
#define VERSION "2.1-3"
#define STDC_HEADERS 1
#define HAVE_SYS_TYPES_H 1
#define HAVE_SYS_STAT_H 1
#define HAVE_STDLIB_H 1
#define HAVE_STRING_H 1
#define HAVE_MEMORY_H 1
#define HAVE_STRINGS_H 1
#define HAVE_INTTYPES_H 1
#define HAVE_STDINT_H 1
#define HAVE_UNISTD_H 1
#define HAVE_DLFCN_H 1
#define LT_OBJDIR ".libs/"
#define HAVE_LIBC 1
#define STDC_HEADERS 1
#define HAVE_ASSERT_H 1
#define HAVE_CTYPE_H 1
#define HAVE_MATH_H 1
#define HAVE_STDIO_H 1
#define HAVE_STDLIB_H 1
#define HAVE_STRING_H 1

configure: exit 0
